C51 COMPILER V9.60.7.0   DELAY                                                             07/13/2023 13:30:41 PAGE 1   


C51 COMPILER V9.60.7.0, COMPILATION OF MODULE DELAY
OBJECT MODULE PLACED IN .\Objects\delay.obj
COMPILER INVOKED BY: D:\keil_arm\C51\BIN\C51.EXE delay.c OPTIMIZE(8,SPEED) BROWSE DEBUG OBJECTEXTEND PRINT(.\Listings\de
                    -lay.lst) OBJECT(.\Objects\delay.obj)

line level    source

   1          #include <intrins.h>
   2          void Delay1ms(unsigned int xms)
   3          {
   4   1          unsigned char data i, j;
   5   1          while (xms--)
   6   1          {
   7   2              _nop_();
   8   2              i = 2;
   9   2              j = 199;
  10   2              do
  11   2              {
  12   3                  while (--j)
  13   3                      ;
  14   3              } while (--i);
  15   2          }
  16   1      }


MODULE INFORMATION:   STATIC OVERLAYABLE
   CODE SIZE        =     22    ----
   CONSTANT SIZE    =   ----    ----
   XDATA SIZE       =   ----    ----
   PDATA SIZE       =   ----    ----
   DATA SIZE        =   ----    ----
   IDATA SIZE       =   ----    ----
   BIT SIZE         =   ----    ----
END OF MODULE INFORMATION.


C51 COMPILATION COMPLETE.  0 WARNING(S),  0 ERROR(S)
