C51 COMPILER V9.60.7.0   INT0                                                              07/13/2023 13:29:48 PAGE 1   


C51 COMPILER V9.60.7.0, COMPILATION OF MODULE INT0
OBJECT MODULE PLACED IN .\Objects\Int0.obj
COMPILER INVOKED BY: D:\keil_arm\C51\BIN\C51.EXE Int0.c OPTIMIZE(8,SPEED) BROWSE DEBUG OBJECTEXTEND PRINT(.\Listings\Int
                    -0.lst) OBJECT(.\Objects\Int0.obj)

line level    source

   1          #include "Int0.h"
   2          
   3          void Int0_Init()
   4          {
   5   1          
   6   1          IT0 = 1;
   7   1          IE0 = 0;
   8   1          EX0 = 1;
   9   1          EA = 1;
  10   1          PX0 = 1;
  11   1      }
  12          
  13          // void Int0_Routine() interrupt 0
  14          // {
  15          // number++;
  16          // }


MODULE INFORMATION:   STATIC OVERLAYABLE
   CODE SIZE        =     11    ----
   CONSTANT SIZE    =   ----    ----
   XDATA SIZE       =   ----    ----
   PDATA SIZE       =   ----    ----
   DATA SIZE        =   ----    ----
   IDATA SIZE       =   ----    ----
   BIT SIZE         =   ----    ----
END OF MODULE INFORMATION.


C51 COMPILATION COMPLETE.  0 WARNING(S),  0 ERROR(S)
