C51 COMPILER V9.60.7.0   MAIN                                                              07/13/2023 14:28:33 PAGE 1   


C51 COMPILER V9.60.7.0, COMPILATION OF MODULE MAIN
OBJECT MODULE PLACED IN .\Objects\main.obj
COMPILER INVOKED BY: D:\keil_arm\C51\BIN\C51.EXE main.c OPTIMIZE(8,SPEED) BROWSE DEBUG OBJECTEXTEND PRINT(.\Listings\mai
                    -n.lst) OBJECT(.\Objects\main.obj)

line level    source

   1          #include <REGX52.H>
   2          #include "IR.h"
   3          #include "LCD.h"
   4          #include "UART.h"
   5          
   6          unsigned char Command; // 获取红外发过来的数据
   7          
   8          void Init()
   9          {
  10   1          IR_Init();
  11   1          LCD_Init();
  12   1          UART_Init();
  13   1      }
  14          
  15          char send_command; // 要发送的command
  16          
  17          char recv_buff; // 存储由电脑发送到单片机的数据
  18          void main()
  19          {
  20   1          Init();
  21   1          LCD_ShowString(1, 1, "MSG:");
  22   1          while (1)
  23   1          {
  24   2              if (IR_GetDataFlag())
  25   2              {
  26   3                  Command = IR_GetCommand();
  27   3      
  28   3                  LCD_ShowHexNum(2, 1, Command, 2);
  29   3                  if (Command == IR_RPT)
  30   3                  {
  31   4                      // 如果RPT键被按下,则通过串口发送到电脑端
  32   4                      URAT_SendByte(send_command);
  33   4                  }
  34   3                  if (Command == IR_USD)
  35   3                  {
  36   4                      // 如果USD被按下,则通过串口接收数据并显示
  37   4                      recv_buff = UART_GetBuff();
  38   4                      LCD_ShowHexNum(2,6,recv_buff,2);
  39   4                  }
  40   3                  send_command = Command;
  41   3                 // LCD_ShowString(2, 6, "     ");
  42   3              }
  43   2          }
  44   1      }


MODULE INFORMATION:   STATIC OVERLAYABLE
   CODE SIZE        =     91    ----
   CONSTANT SIZE    =      5    ----
   XDATA SIZE       =   ----    ----
   PDATA SIZE       =   ----    ----
   DATA SIZE        =      3    ----
   IDATA SIZE       =   ----    ----
   BIT SIZE         =   ----    ----
C51 COMPILER V9.60.7.0   MAIN                                                              07/13/2023 14:28:33 PAGE 2   

END OF MODULE INFORMATION.


C51 COMPILATION COMPLETE.  0 WARNING(S),  0 ERROR(S)
